(1, 1, 1)

(1, 1, 1)

(1, 1, 1)

-----
(1, 1, 1)

(2, 2, 2)

(1, 1, 1)

-----
NONE

-----
(80, 80, 80) (80, 80, 80)
(78, 78, 78) (80, 80, 80)

(80, 80, 80) (79, 79, 79)
(78, 78, 78) (79, 79, 79)

(78, 78, 78) (78, 78, 78)
(80, 80, 80) (79, 79, 79)

-----
NONE

-----
(0, 0, 0) (247, 247, 247) (247, 247, 247)
(247, 247, 247) (0, 0, 0) (247, 247, 247)
(247, 247, 247) (247, 247, 247) (0, 0, 0)

(0, 0, 0) (247, 252, 252) (252, 252, 252)
(252, 252, 252) (0, 0, 0) (252, 252, 252)
(252, 252, 252) (252, 252, 252) (0, 0, 0)

(0, 0, 0) (255, 255, 255) (255, 255, 255)
(255, 255, 255) (0, 0, 0) (255, 255, 255)
(255, 255, 255) (255, 255, 255) (0, 0, 0)

(0, 0, 0) (255, 255, 255) (255, 255, 255)
(255, 255, 255) (0, 0, 0) (255, 255, 255)
(255, 255, 255) (255, 255, 255) (0, 0, 0)

-----
