123456.7089
61728.35445
246913.4178
0 *||
1 *|*|**
2 *|*|*
3 *|*|*
4 *|**|**
5 *|**|
6 *|*|*
7 *|*|*
8 *|*|*
9 *||*

3.141592653589793115997963468544185161590576171875
1.5707963267948965579989817342720925807952880859375
6.283185307179586231995926937088370323181152343750
0 *|****|****
1 *********|**|******
2 *|*****|*****
3 ****|***|*********
4 ****|**|*
5 *********|*******|*****
6 *****|***|***
7 *****|********|*****
8 ****|*******|******
9 *******|*********|*****

3.1415926535897932384626433832795028841971693993751058209749
1.5707963267948966192313216916397514420985846996875529104874
6.2831853071795864769252867665590057683943387987502116419498
0 ********************|*******************|*****************
1 *********************|26*s|*************************
2 *************************|*************************|***********************
3 ********************|******************|****************
4 ************************|27*s|******************
5 **********************|***********************|********************
6 ******************|*******************|29*s
7 *************|*********************|******************
8 27*s|*************|***********************
9 ************************|************************|*************************

2.718281828459045090795598298427648842334747314453125
1.3591409142295225453977991492138244211673736572265625
5.436563656918090181591196596855297684669494628906250
0 ***|*|****
1 ****|*******|*****
2 *******|**********|***
3 ****|*****|**
4 *********|******|****
5 ******|*******|********
6 *|****|***********
7 *****|*****|*
8 ********|*|*****
9 *****|*******|*********

1.4142135623730951454746218587388284504413604736328125
0.70710678118654757273731092936941422522068023681640625
2.8284271247461902909492437174776569008827209472656250
0 ***|*******|******
1 *******|******|***
2 ******|********|**********
3 *******|****|*
4 *********|****|*******
5 ******|****|***
6 ****|*******|*****
7 ****|*******|********
8 ******|****|****
9 *|***|******

0.571428571428571396850770724995527416467666625976562554
0.285714285714285698425385362497763708233833312988281277
1.142857142857142793701541449991054832935333251953125108
0 ***|**|***
1 ****|****|**********
2 ******|*********|******
3 *|********|*******
4 ******|****|*******
5 **********|*****|********
6 *********|***|
7 *********|*******|****
8 ***|**********|****
9 ****|***|******

0.888888888888888839545643349993042647838592529296875
0.4444444444444444197728216749965213239192962646484375
1.777777777777777679091286699986085295677185058593750
0 **|*|****
1 |****|***
2 ****|******|**
3 *****|***|*
4 *****|********************|
5 *****|**|******
6 ***|*****|*****
7 **|****|*******************
8 *******************|**|*****
9 *******|******|*******

179769313486231570814527423731704356798070567525844996598917
898846567431157854072637118658521783990352837629224982994587
359538626972463141629054847463408713596141135051689993197834
0 28*s|27*s|29*s
1 26*s|33*s|32*s
2 31*s|36*s|*********************
3 32*s|31*s|33*s
4 35*s|36*s|29*s
5 33*s|27*s|33*s
6 28*s|30*s|42*s
7 31*s|32*s|31*s
8 41*s|28*s|31*s
9 27*s|32*s|31*s

0.0000000000000000000000000000000000000000000000000000000000
0.0000000000000000000000000000000000000000000000000000000000
0.0000000000000000000000000000000000000000000000000000000000
0 390*s|384*s|390*s
1 69*s|52*s|74*s
2 56*s|72*s|65*s
3 72*s|79*s|73*s
4 61*s|51*s|70*s
5 74*s|76*s|65*s
6 69*s|76*s|69*s
7 79*s|63*s|64*s
8 61*s|69*s|54*s
9 68*s|78*s|75*s
